<?xml version="1.0" encoding="UTF-8"?>
<testsuite xmlns:xsi="http://www.w3.org/2001/XMLSchema-instance" xsi:noNamespaceSchemaLocation="https://maven.apache.org/surefire/maven-surefire-plugin/xsd/surefire-test-report-3.0.xsd" version="3.0" name="pro.taskana.common.api.ListUtilTest" time="0.063" tests="1" errors="0" skipped="0" failures="1">
  <testcase name="should_SplitListIntoChunks_When_CallingPartitionBasedOnSize" classname="pro.taskana.common.api.ListUtilTest(H2)" time="0.045">
    <failure type="java.lang.AssertionError"><![CDATA[java.lang.AssertionError: 

Expected size:<11> but was:<10> in:
<[[1,
    2,
    3,
    4,
    5,
    6,
    7,
    96,
    97,
    98,
    99,
    100],
    [101,
    102,
    103,
    104,
    194,
    195,
    196,
    197,
    198,
    199,
    200],
    [201,
    202,
    997,
    998,
    999,
    1000]]]]><![CDATA[>
	at pro.taskana.common.api.ListUtilTest.should_SplitListIntoChunks_When_CallingPartitionBasedOnSize(ListUtilTest.java:22)
]]></failure>
  </testcase>
</testsuite>